<?xml version="1.0" encoding="UTF-8"?>
<testng-results ignored="0" total="1" passed="1" failed="0" skipped="0">
  <reporter-output>
  </reporter-output>
  <suite started-at="2025-04-26T15:19:36 IST" name="Default suite" finished-at="2025-04-26T15:19:36 IST" duration-ms="104">
    <groups>
    </groups>
    <test started-at="2025-04-26T15:19:36 IST" name="Default test" finished-at="2025-04-26T15:19:36 IST" duration-ms="104">
      <class name="seleniumgit.NewTest">
        <test-method signature="f()[pri:0, instance:seleniumgit.NewTest@3a6bb9bf]" started-at="2025-04-26T15:19:36 IST" name="f" finished-at="2025-04-26T15:19:36 IST" duration-ms="26" status="PASS">
          <reporter-output>
          </reporter-output>
        </test-method> <!-- f -->
      </class> <!-- seleniumgit.NewTest -->
    </test> <!-- Default test -->
  </suite> <!-- Default suite -->
</testng-results>
